<?xml version="1.0" encoding="UTF-8"?>
<testng-results skipped="0" failed="0" ignored="0" total="2" passed="2">
  <reporter-output>
  </reporter-output>
  <suite name="DraftKings Suite" duration-ms="28811" started-at="2021-10-02T19:43:57 IST" finished-at="2021-10-02T19:44:26 IST">
    <groups>
    </groups>
    <test name="ToolsQa Test Smoke" duration-ms="28811" started-at="2021-10-02T19:43:57 IST" finished-at="2021-10-02T19:44:26 IST">
      <class name="com.test.SearchBookToolQa">
        <test-method status="PASS" signature="beforeMethod()[pri:0, instance:com.test.SearchBookToolQa@52e677af]" name="beforeMethod" is-config="true" duration-ms="6323" started-at="2021-10-02T19:44:11 IST" finished-at="2021-10-02T19:44:18 IST">
          <reporter-output>
          </reporter-output>
        </test-method> <!-- beforeMethod -->
        <test-method status="PASS" signature="SearchBook(java.lang.reflect.Method)[pri:0, instance:com.test.SearchBookToolQa@52e677af]" name="SearchBook" duration-ms="4488" started-at="2021-10-02T19:44:18 IST" description="search book on tools qa" finished-at="2021-10-02T19:44:22 IST">
          <params>
            <param index="0">
              <value>
                <![CDATA[public void com.test.SearchBookToolQa.SearchBook(java.lang.reflect.Method) throws java.lang.Exception]]>
              </value>
            </param>
          </params>
          <reporter-output>
          </reporter-output>
        </test-method> <!-- SearchBook -->
        <test-method status="PASS" signature="afterMethod()[pri:0, instance:com.test.SearchBookToolQa@52e677af]" name="afterMethod" is-config="true" duration-ms="3585" started-at="2021-10-02T19:44:22 IST" finished-at="2021-10-02T19:44:26 IST">
          <reporter-output>
          </reporter-output>
        </test-method> <!-- afterMethod -->
      </class> <!-- com.test.SearchBookToolQa -->
      <class name="com.test.LoginToolsQa">
        <test-method status="PASS" signature="beforeMethod()[pri:0, instance:com.test.LoginToolsQa@971d0d8]" name="beforeMethod" is-config="true" duration-ms="8466" started-at="2021-10-02T19:43:57 IST" finished-at="2021-10-02T19:44:06 IST">
          <reporter-output>
          </reporter-output>
        </test-method> <!-- beforeMethod -->
        <test-method status="PASS" signature="Login(java.lang.reflect.Method)[pri:0, instance:com.test.LoginToolsQa@971d0d8]" name="Login" duration-ms="2349" started-at="2021-10-02T19:44:06 IST" description="Login tools qa" finished-at="2021-10-02T19:44:08 IST">
          <params>
            <param index="0">
              <value>
                <![CDATA[public void com.test.LoginToolsQa.Login(java.lang.reflect.Method) throws java.lang.Exception]]>
              </value>
            </param>
          </params>
          <reporter-output>
          </reporter-output>
        </test-method> <!-- Login -->
        <test-method status="PASS" signature="afterMethod()[pri:0, instance:com.test.LoginToolsQa@971d0d8]" name="afterMethod" is-config="true" duration-ms="3459" started-at="2021-10-02T19:44:08 IST" finished-at="2021-10-02T19:44:11 IST">
          <reporter-output>
          </reporter-output>
        </test-method> <!-- afterMethod -->
      </class> <!-- com.test.LoginToolsQa -->
    </test> <!-- ToolsQa Test Smoke -->
  </suite> <!-- DraftKings Suite -->
</testng-results>
